2024-10-25 17:29:26 [INFO]: Server is running on port 5000
2024-10-25 17:30:01 [INFO]: Fetching info for address: 6WNva7iLjTvxSfXPSmbjceW5Yc41LUH4SJNqKom5pump
2024-10-25 17:30:01 [ERROR]: Error fetching token info: getTokenInfo is not a function
2024-10-25 17:30:38 [INFO]: Server is running on port 5000
2024-10-25 17:30:51 [INFO]: Server is running on port 5000
2024-10-25 17:31:02 [INFO]: Fetching info for address: 6WNva7iLjTvxSfXPSmbjceW5Yc41LUH4SJNqKom5pump
2024-10-25 17:31:02 [ERROR]: Error fetching token info: RPC Error: invalid api key provided
2024-10-25 17:31:40 [INFO]: Server is running on port 5000
2024-10-25 17:31:48 [INFO]: Fetching info for address: 6WNva7iLjTvxSfXPSmbjceW5Yc41LUH4SJNqKom5pump
2024-10-25 17:32:33 [INFO]: Fetching info for address: 9WuADsQtSPQCA18xan5PJj8m1t82bQeUkLoLssS2pump
2024-10-25 17:32:38 [INFO]: Comparing tokens: 9WuADsQtSPQCA18xan5PJj8m1t82bQeUkLoLssS2pump and 6WNva7iLjTvxSfXPSmbjceW5Yc41LUH4SJNqKom5pump
2024-10-25 17:38:00 [INFO]: Server is running on port 5000
2024-10-25 17:38:04 [INFO]: Server is running on port 5000
2024-10-25 17:38:25 [INFO]: Fetching info for address: 9WuADsQtSPQCA18xan5PJj8m1t82bQeUkLoLssS2pump
2024-10-25 17:40:05 [INFO]: Server is running on port 5000
2024-10-25 17:40:06 [INFO]: Server is running on port 5000
2024-10-25 17:40:41 [INFO]: Server is running on port 5000
2024-10-25 17:40:52 [INFO]: Server is running on port 5000
2024-10-25 17:41:06 [INFO]: Server is running on port 5000
2024-10-25 17:41:17 [INFO]: Fetching info for address: 9WuADsQtSPQCA18xan5PJj8m1t82bQeUkLoLssS2pump
2024-10-25 17:42:34 [INFO]: Server is running on port 5000
2024-10-25 17:42:36 [INFO]: Server is running on port 5000
2024-10-25 17:43:44 [INFO]: Server is running on port 5000
2024-10-25 17:43:58 [INFO]: Fetching info for address: 9WuADsQtSPQCA18xan5PJj8m1t82bQeUkLoLssS2pump
2024-10-25 17:44:17 [INFO]: Server is running on port 5000
2024-10-25 17:44:20 [INFO]: Server is running on port 5000
2024-10-25 17:44:27 [INFO]: Fetching info for address: 9WuADsQtSPQCA18xan5PJj8m1t82bQeUkLoLssS2pump
2024-10-25 17:44:50 [INFO]: Fetching info for address: 9WuADsQtSPQCA18xan5PJj8m1t82bQeUkLoLssS2pump
2024-10-25 17:44:55 [INFO]: Fetching info for address: 9WuADsQtSPQCA18xan5PJj8m1t82bQeUkLoLssS2pump
2024-10-25 17:45:08 [INFO]: Server is running on port 5000
2024-10-25 17:45:15 [INFO]: Fetching info for address: 9WuADsQtSPQCA18xan5PJj8m1t82bQeUkLoLssS2pump
2024-10-25 17:45:50 [INFO]: Fetching info for address: 6WNva7iLjTvxSfXPSmbjceW5Yc41LUH4SJNqKom5pump
2024-10-25 17:49:18 [INFO]: Server is running on port 5000
2024-10-25 17:49:34 [INFO]: Server is running on port 5000
2024-10-25 17:49:42 [INFO]: Fetching info for address: 6WNva7iLjTvxSfXPSmbjceW5Yc41LUH4SJNqKom5pump
2024-10-25 17:50:40 [INFO]: Fetching info for address: HXkbUADfocGyz2WrzJpjEfry8qyNDm5Kwiiq3Mz3tTi1
2024-10-25 18:03:15 [INFO]: Server is running on port 5000
2024-10-25 18:03:50 [INFO]: Server is running on port 5000
2024-10-25 18:04:26 [INFO]: Server is running on port 5000
2024-10-25 18:04:36 [INFO]: Server is running on port 5000
2024-10-25 18:04:47 [INFO]: Fetching info for address: HXkbUADfocGyz2WrzJpjEfry8qyNDm5Kwiiq3Mz3tTi1
2024-10-25 18:04:47 [INFO]: [Cache Miss] Token Accounts for HXkbUADfocGyz2WrzJpjEfry8qyNDm5Kwiiq3Mz3tTi1
2024-10-25 18:04:50 [INFO]: No more results
2024-10-25 18:04:50 [INFO]: [Cache Set] Token Accounts for HXkbUADfocGyz2WrzJpjEfry8qyNDm5Kwiiq3Mz3tTi1
2024-10-25 18:07:04 [INFO]: Server is running on port 5000
2024-10-25 18:07:14 [INFO]: Server is running on port 5000
2024-10-25 18:07:22 [INFO]: Fetching info for address: HXkbUADfocGyz2WrzJpjEfry8qyNDm5Kwiiq3Mz3tTi1
2024-10-25 18:07:22 [INFO]: [Cache Miss] Token Accounts for HXkbUADfocGyz2WrzJpjEfry8qyNDm5Kwiiq3Mz3tTi1
2024-10-25 18:07:26 [INFO]: No more results
2024-10-25 18:07:26 [INFO]: [Cache Set] Token Accounts for HXkbUADfocGyz2WrzJpjEfry8qyNDm5Kwiiq3Mz3tTi1
2024-10-25 18:08:07 [INFO]: Server is running on port 5000
2024-10-25 18:08:13 [INFO]: Fetching info for address: HXkbUADfocGyz2WrzJpjEfry8qyNDm5Kwiiq3Mz3tTi1
2024-10-25 18:08:13 [INFO]: [Cache Miss] Token Accounts for HXkbUADfocGyz2WrzJpjEfry8qyNDm5Kwiiq3Mz3tTi1
2024-10-25 18:08:14 [INFO]: No more results
2024-10-25 18:08:14 [INFO]: [Cache Set] Token Accounts for HXkbUADfocGyz2WrzJpjEfry8qyNDm5Kwiiq3Mz3tTi1
2024-10-25 18:10:06 [INFO]: Server is running on port 5000
2024-10-25 18:10:14 [INFO]: Server is running on port 5000
2024-10-25 18:10:26 [INFO]: Fetching info for address: HXkbUADfocGyz2WrzJpjEfry8qyNDm5Kwiiq3Mz3tTi1
2024-10-25 18:10:26 [INFO]: [Cache Miss] Token Accounts for HXkbUADfocGyz2WrzJpjEfry8qyNDm5Kwiiq3Mz3tTi1
2024-10-25 18:10:28 [INFO]: No more results
2024-10-25 18:10:28 [INFO]: [Cache Set] Token Accounts for HXkbUADfocGyz2WrzJpjEfry8qyNDm5Kwiiq3Mz3tTi1
2024-10-25 18:11:01 [INFO]: Fetching info for address: 9WuADsQtSPQCA18xan5PJj8m1t82bQeUkLoLssS2pump
2024-10-25 18:11:01 [INFO]: [Cache Miss] Token Accounts for 9WuADsQtSPQCA18xan5PJj8m1t82bQeUkLoLssS2pump
2024-10-25 18:11:04 [INFO]: No more results
2024-10-25 18:11:04 [INFO]: [Cache Set] Token Accounts for 9WuADsQtSPQCA18xan5PJj8m1t82bQeUkLoLssS2pump
2024-10-25 18:11:07 [INFO]: Comparing tokens: 9WuADsQtSPQCA18xan5PJj8m1t82bQeUkLoLssS2pump and HXkbUADfocGyz2WrzJpjEfry8qyNDm5Kwiiq3Mz3tTi1
2024-10-25 18:11:07 [INFO]: [Cache Hit] Token Accounts for 9WuADsQtSPQCA18xan5PJj8m1t82bQeUkLoLssS2pump
2024-10-25 18:11:07 [INFO]: [Cache Hit] Token Accounts for HXkbUADfocGyz2WrzJpjEfry8qyNDm5Kwiiq3Mz3tTi1
2024-10-25 18:17:44 [INFO]: Server is running on port 5000
2024-10-25 18:17:57 [INFO]: Server is running on port 5000
2024-10-25 18:18:38 [INFO]: Fetching info for address: 4uRn7vxRPWYP4HuAa4UNXwEPLRL8oQ71YByMhr6yBnL4
2024-10-25 18:19:14 [INFO]: Fetching info for address: ADVgDMbbn6LZTdo84UDAgCUew2JMMHe6BnH3KNN3qiLb
2024-10-25 18:19:16 [INFO]: Comparing tokens: 4uRn7vxRPWYP4HuAa4UNXwEPLRL8oQ71YByMhr6yBnL4 and ADVgDMbbn6LZTdo84UDAgCUew2JMMHe6BnH3KNN3qiLb
2024-10-25 18:19:18 [INFO]: Comparing tokens: ADVgDMbbn6LZTdo84UDAgCUew2JMMHe6BnH3KNN3qiLb and 4uRn7vxRPWYP4HuAa4UNXwEPLRL8oQ71YByMhr6yBnL4
2024-10-25 18:19:27 [INFO]: Comparing tokens: 4uRn7vxRPWYP4HuAa4UNXwEPLRL8oQ71YByMhr6yBnL4 and ADVgDMbbn6LZTdo84UDAgCUew2JMMHe6BnH3KNN3qiLb
2024-10-25 18:19:57 [INFO]: Fetching info for address: G7rwEgk8KgQ4RUTnMy2W2i7dRDq4hXHD4CSp9PSmSbRW
2024-10-25 18:20:16 [INFO]: Fetching info for address: 8Ki8DpuWNxu9VsS3kQbarsCWMcFGWkzzA8pUPto9zBd5
2024-10-25 18:20:29 [INFO]: Fetching info for address: 8Ki8DpuWNxu9VsS3kQbarsCWMcFGWkzzA8pUPto9zBd5
2024-10-25 18:21:55 [INFO]: Server is running on port 5000
2024-10-25 18:22:06 [INFO]: Server is running on port 5000
2024-10-26 09:44:34 [INFO]: Server is running on port 5000
2024-10-26 09:44:41 [INFO]: Fetching info for address: 6Pz3LdoipwFor2w9tGKfnLZZkJvucwbEef8yV9kvtE2M
2024-10-26 10:03:27 [INFO]: Server is running on port 5000
2024-10-26 10:03:36 [INFO]: Fetching info for address: 2kj1MLqBPnhCTyjxT3MtJhcktJHxgR7s4EDu18khsvgj
2024-10-26 10:05:47 [INFO]: Fetching info for address: DezXAZ8z7PnrnRJjz3wXBoRgixCa6xjnB7YaB1pPB263
2024-10-26 10:05:47 [INFO]: Fetching info for address: Es9vMFrzaCERDdcXW2yT5YoEJR5ATyZtWj5MS5ptd4Q
2024-10-26 10:05:47 [INFO]: Fetching info for address: 7dHbWX9PrX5mAgukmD5A7Nf8k7zXwGzXtGeAXc2jVz5w
2024-10-26 10:05:47 [INFO]: Fetching info for address: So11111111111111111111111111111111111111112
2024-10-26 10:05:47 [INFO]: Fetching info for address: 3KMhQdmJw9FwcyzZ5d5SrtVc8bApkH59D58BpdCwHn45
2024-10-26 10:05:47 [INFO]: Fetching info for address: 6f3hym48Nt9FGwL81vSNMx2n4jzdbjQrJCPRkyFajp4A
2024-10-26 10:05:49 [ERROR]: Error fetching token info: 
        HTTP error! status: 429, message: {"jsonrpc":"2.0","error":{"code":-32429,"message":"Rate limit exceeded"}}
      
2024-10-26 10:05:49 [INFO]: Fetching info for address: 9n4nbM75f5Ui33ZbPYXn59EwSgE8CGsHtAeTH5YFeJ9E
2024-10-26 10:05:49 [INFO]: Fetching info for address: 5ShZ1WCXjGgZ9QLzJhJGVun1gtHkjL3E7oxG4ZShFsTf
2024-10-26 10:05:49 [INFO]: Fetching info for address: 5VjHzFRfZxJfWKoWBtuU5TkyaoAipTcCZ6wFdHQnvZJ7
2024-10-26 10:05:49 [INFO]: Fetching info for address: So11111111111111111111111111111111111111112
2024-10-26 10:05:49 [INFO]: Fetching info for address: 3KMhQdmJw9FwcyzZ5d5SrtVc8bApkH59D58BpdCwHn45
2024-10-26 10:05:49 [INFO]: Fetching info for address: 7dHbWX9PrX5mAgukmD5A7Nf8k7zXwGzXtGeAXc2jVz5w
2024-10-26 10:05:49 [INFO]: Fetching info for address: Es9vMFrzaCERDdcXW2yT5YoEJR5ATyZtWj5MS5ptd4Q
2024-10-26 10:05:49 [INFO]: Fetching info for address: 6f3hym48Nt9FGwL81vSNMx2n4jzdbjQrJCPRkyFajp4A
2024-10-26 10:05:49 [INFO]: Fetching info for address: 3KMhQdmJw9FwcyzZ5d5SrtVc8bApkH59D58BpdCwHn45
2024-10-26 10:05:49 [INFO]: Fetching info for address: 7dHbWX9PrX5mAgukmD5A7Nf8k7zXwGzXtGeAXc2jVz5w
2024-10-26 10:05:49 [INFO]: Fetching info for address: Es9vMFrzaCERDdcXW2yT5YoEJR5ATyZtWj5MS5ptd4Q
2024-10-26 10:05:49 [INFO]: Fetching info for address: 6f3hym48Nt9FGwL81vSNMx2n4jzdbjQrJCPRkyFajp4A
2024-10-26 10:05:49 [INFO]: Fetching info for address: 3KMhQdmJw9FwcyzZ5d5SrtVc8bApkH59D58BpdCwHn45
2024-10-26 10:05:49 [INFO]: Fetching info for address: 7dHbWX9PrX5mAgukmD5A7Nf8k7zXwGzXtGeAXc2jVz5w
2024-10-26 10:05:49 [INFO]: Fetching info for address: Es9vMFrzaCERDdcXW2yT5YoEJR5ATyZtWj5MS5ptd4Q
2024-10-26 10:05:49 [INFO]: Fetching info for address: 6f3hym48Nt9FGwL81vSNMx2n4jzdbjQrJCPRkyFajp4A
2024-10-26 10:05:49 [ERROR]: Error fetching token info: 
        HTTP error! status: 429, message: {"jsonrpc":"2.0","error":{"code":-32429,"message":"Rate limit exceeded"}}
      
2024-10-26 10:05:49 [INFO]: Fetching info for address: 5VjHzFRfZxJfWKoWBtuU5TkyaoAipTcCZ6wFdHQnvZJ7
2024-10-26 10:05:49 [ERROR]: Error fetching token info: 
        HTTP error! status: 429, message: {"jsonrpc":"2.0","error":{"code":-32429,"message":"Rate limit exceeded"}}
      
2024-10-26 10:05:49 [INFO]: Fetching info for address: 5ShZ1WCXjGgZ9QLzJhJGVun1gtHkjL3E7oxG4ZShFsTf
2024-10-26 10:05:49 [ERROR]: Error fetching token info: 
        HTTP error! status: 429, message: {"jsonrpc":"2.0","error":{"code":-32429,"message":"Rate limit exceeded"}}
      
2024-10-26 10:05:49 [INFO]: Fetching info for address: So11111111111111111111111111111111111111112
2024-10-26 10:05:50 [ERROR]: Error fetching token info: 
        HTTP error! status: 429, message: {"jsonrpc":"2.0","error":{"code":-32429,"message":"Rate limit exceeded"}}
      
2024-10-26 10:05:50 [INFO]: Fetching info for address: 5ShZ1WCXjGgZ9QLzJhJGVun1gtHkjL3E7oxG4ZShFsTf
2024-10-26 10:05:50 [ERROR]: Error fetching token info: 
        HTTP error! status: 429, message: {"jsonrpc":"2.0","error":{"code":-32429,"message":"Rate limit exceeded"}}
      
2024-10-26 10:05:50 [INFO]: Fetching info for address: So11111111111111111111111111111111111111112
2024-10-26 10:05:50 [ERROR]: Error fetching token info: 
        HTTP error! status: 429, message: {"jsonrpc":"2.0","error":{"code":-32429,"message":"Rate limit exceeded"}}
      
2024-10-26 10:05:50 [INFO]: Fetching info for address: 5ShZ1WCXjGgZ9QLzJhJGVun1gtHkjL3E7oxG4ZShFsTf
2024-10-26 10:05:50 [ERROR]: Error fetching token info: 
        HTTP error! status: 429, message: {"jsonrpc":"2.0","error":{"code":-32429,"message":"Rate limit exceeded"}}
      
2024-10-26 10:05:51 [INFO]: Fetching info for address: 5VjHzFRfZxJfWKoWBtuU5TkyaoAipTcCZ6wFdHQnvZJ7
2024-10-26 10:05:51 [INFO]: Fetching info for address: 5VjHzFRfZxJfWKoWBtuU5TkyaoAipTcCZ6wFdHQnvZJ7
2024-10-26 10:05:54 [ERROR]: Error fetching token info: RPC Error: Rate limit exceeded
2024-10-26 10:05:54 [INFO]: Fetching info for address: So11111111111111111111111111111111111111112
2024-10-26 10:06:07 [INFO]: Fetching info for address: DezXAZ8z7PnrnRJjz3wXBoRgixCa6xjnB7YaB1pPB263
2024-10-26 10:06:07 [INFO]: Fetching info for address: 9n4nbM75f5Ui33ZbPYXn59EwSgE8CGsHtAeTH5YFeJ9E
2024-10-26 10:06:07 [INFO]: Fetching info for address: DezXAZ8z7PnrnRJjz3wXBoRgixCa6xjnB7YaB1pPB263
2024-10-26 10:06:12 [ERROR]: Error fetching token info: RPC Error: Rate limit exceeded
2024-10-26 10:06:12 [INFO]: Fetching info for address: DezXAZ8z7PnrnRJjz3wXBoRgixCa6xjnB7YaB1pPB263
2024-10-26 10:06:13 [INFO]: Fetching info for address: So11111111111111111111111111111111111111112
2024-10-26 10:06:17 [ERROR]: Error fetching token info: RPC Error: Rate limit exceeded
2024-10-26 10:06:17 [INFO]: Fetching info for address: 9n4nbM75f5Ui33ZbPYXn59EwSgE8CGsHtAeTH5YFeJ9E
2024-10-26 10:06:17 [INFO]: Fetching info for address: So11111111111111111111111111111111111111112
2024-10-26 10:06:18 [INFO]: Fetching info for address: 9n4nbM75f5Ui33ZbPYXn59EwSgE8CGsHtAeTH5YFeJ9E
2024-10-26 10:06:18 [INFO]: Fetching info for address: A94X2fRy3wydNShU4dRaDyap2UuoeWJGWyATtyp61WZf
2024-10-26 10:06:18 [INFO]: Fetching info for address: 2kj1MLqBPnhCTyjxT3MtJhcktJHxgR7s4EDu18khsvgj
2024-10-26 10:06:18 [INFO]: Fetching info for address: HXkbUADfocGyz2WrzJpjEfry8qyNDm5Kwiiq3Mz3tTi1
2024-10-26 10:06:18 [ERROR]: Error fetching token info: 
        HTTP error! status: 429, message: {"jsonrpc":"2.0","error":{"code":-32429,"message":"Rate limit exceeded"}}
      
2024-10-26 10:06:18 [INFO]: Fetching info for address: A94X2fRy3wydNShU4dRaDyap2UuoeWJGWyATtyp61WZf
2024-10-26 10:06:18 [INFO]: Fetching info for address: 2kj1MLqBPnhCTyjxT3MtJhcktJHxgR7s4EDu18khsvgj
2024-10-26 10:06:18 [INFO]: Fetching info for address: 2kj1MLqBPnhCTyjxT3MtJhcktJHxgR7s4EDu18khsvgj
2024-10-26 10:06:19 [INFO]: Fetching info for address: A94X2fRy3wydNShU4dRaDyap2UuoeWJGWyATtyp61WZf
2024-10-26 10:06:21 [INFO]: Fetching info for address: A94X2fRy3wydNShU4dRaDyap2UuoeWJGWyATtyp61WZf
2024-10-26 10:06:21 [INFO]: Fetching info for address: 2kj1MLqBPnhCTyjxT3MtJhcktJHxgR7s4EDu18khsvgj
2024-10-26 10:06:21 [INFO]: Fetching info for address: 2kj1MLqBPnhCTyjxT3MtJhcktJHxgR7s4EDu18khsvgj
2024-10-26 10:06:21 [INFO]: Fetching info for address: A94X2fRy3wydNShU4dRaDyap2UuoeWJGWyATtyp61WZf
2024-10-26 10:06:22 [ERROR]: Error fetching token info: RPC Error: Rate limit exceeded
2024-10-26 10:06:22 [INFO]: Fetching info for address: HXkbUADfocGyz2WrzJpjEfry8qyNDm5Kwiiq3Mz3tTi1
2024-10-26 10:06:27 [INFO]: Fetching info for address: HXkbUADfocGyz2WrzJpjEfry8qyNDm5Kwiiq3Mz3tTi1
2024-10-26 10:06:31 [INFO]: Server is running on port 5000
2024-10-26 10:06:34 [INFO]: Fetching info for address: A94X2fRy3wydNShU4dRaDyap2UuoeWJGWyATtyp61WZf
2024-10-26 10:06:34 [INFO]: Fetching info for address: HXkbUADfocGyz2WrzJpjEfry8qyNDm5Kwiiq3Mz3tTi1
2024-10-26 10:06:34 [INFO]: Fetching info for address: 2kj1MLqBPnhCTyjxT3MtJhcktJHxgR7s4EDu18khsvgj
2024-10-26 10:06:34 [ERROR]: Error fetching token info: 
        HTTP error! status: 429, message: {"jsonrpc":"2.0","error":{"code":-32429,"message":"Rate limit exceeded"}}
      
2024-10-26 10:06:34 [INFO]: Fetching info for address: 2kj1MLqBPnhCTyjxT3MtJhcktJHxgR7s4EDu18khsvgj
2024-10-26 10:06:34 [ERROR]: Error fetching token info: 
        HTTP error! status: 429, message: {"jsonrpc":"2.0","error":{"code":-32429,"message":"Rate limit exceeded"}}
      
2024-10-26 10:06:34 [INFO]: Fetching info for address: HXkbUADfocGyz2WrzJpjEfry8qyNDm5Kwiiq3Mz3tTi1
2024-10-26 10:06:34 [ERROR]: Error fetching token info: 
        HTTP error! status: 429, message: {"jsonrpc":"2.0","error":{"code":-32429,"message":"Rate limit exceeded"}}
      
2024-10-26 10:06:34 [INFO]: Fetching info for address: 2kj1MLqBPnhCTyjxT3MtJhcktJHxgR7s4EDu18khsvgj
2024-10-26 10:06:34 [ERROR]: Error fetching token info: 
        HTTP error! status: 429, message: {"jsonrpc":"2.0","error":{"code":-32429,"message":"Rate limit exceeded"}}
      
2024-10-26 10:06:34 [INFO]: Fetching info for address: HXkbUADfocGyz2WrzJpjEfry8qyNDm5Kwiiq3Mz3tTi1
2024-10-26 10:06:34 [ERROR]: Error fetching token info: 
        HTTP error! status: 429, message: {"jsonrpc":"2.0","error":{"code":-32429,"message":"Rate limit exceeded"}}
      
2024-10-26 10:06:34 [INFO]: Fetching info for address: 2kj1MLqBPnhCTyjxT3MtJhcktJHxgR7s4EDu18khsvgj
2024-10-26 10:06:34 [INFO]: Fetching info for address: A94X2fRy3wydNShU4dRaDyap2UuoeWJGWyATtyp61WZf
2024-10-26 10:06:34 [INFO]: Fetching info for address: A94X2fRy3wydNShU4dRaDyap2UuoeWJGWyATtyp61WZf
2024-10-26 10:06:34 [INFO]: Fetching info for address: A94X2fRy3wydNShU4dRaDyap2UuoeWJGWyATtyp61WZf
2024-10-26 10:06:34 [ERROR]: Error fetching token info: 
        HTTP error! status: 429, message: {"jsonrpc":"2.0","error":{"code":-32429,"message":"Rate limit exceeded"}}
      
2024-10-26 10:06:34 [INFO]: Fetching info for address: HXkbUADfocGyz2WrzJpjEfry8qyNDm5Kwiiq3Mz3tTi1
2024-10-26 10:06:34 [ERROR]: Error fetching token info: 
        HTTP error! status: 429, message: {"jsonrpc":"2.0","error":{"code":-32429,"message":"Rate limit exceeded"}}
      
2024-10-26 10:06:35 [ERROR]: Error fetching token info: 
        HTTP error! status: 429, message: {"jsonrpc":"2.0","error":{"code":-32429,"message":"Rate limit exceeded"}}
      
2024-10-26 10:06:51 [INFO]: Server is running on port 5000
2024-10-26 10:06:55 [INFO]: Fetching info for address: 2kj1MLqBPnhCTyjxT3MtJhcktJHxgR7s4EDu18khsvgj
2024-10-26 10:06:55 [INFO]: Fetching info for address: A94X2fRy3wydNShU4dRaDyap2UuoeWJGWyATtyp61WZf
2024-10-26 10:06:56 [INFO]: Fetching info for address: A94X2fRy3wydNShU4dRaDyap2UuoeWJGWyATtyp61WZf
2024-10-26 10:06:56 [INFO]: Fetching info for address: A94X2fRy3wydNShU4dRaDyap2UuoeWJGWyATtyp61WZf
2024-10-26 10:06:56 [INFO]: Fetching info for address: A94X2fRy3wydNShU4dRaDyap2UuoeWJGWyATtyp61WZf
2024-10-26 10:06:57 [INFO]: Fetching info for address: 2kj1MLqBPnhCTyjxT3MtJhcktJHxgR7s4EDu18khsvgj
2024-10-26 10:06:57 [INFO]: Fetching info for address: 2kj1MLqBPnhCTyjxT3MtJhcktJHxgR7s4EDu18khsvgj
2024-10-26 10:06:57 [INFO]: Fetching info for address: 2kj1MLqBPnhCTyjxT3MtJhcktJHxgR7s4EDu18khsvgj
2024-10-26 10:07:08 [INFO]: Fetching info for address: A94X2fRy3wydNShU4dRaDyap2UuoeWJGWyATtyp61WZf
2024-10-26 10:07:15 [INFO]: Fetching info for address: 2kj1MLqBPnhCTyjxT3MtJhcktJHxgR7s4EDu18khsvgj
2024-10-26 10:07:15 [INFO]: Fetching info for address: 6Pz3LdoipwFor2w9tGKfnLZZkJvucwbEef8yV9kvtE2M
2024-10-26 10:07:15 [INFO]: Fetching info for address: 2kj1MLqBPnhCTyjxT3MtJhcktJHxgR7s4EDu18khsvgj
2024-10-26 10:07:16 [INFO]: Fetching info for address: 6Pz3LdoipwFor2w9tGKfnLZZkJvucwbEef8yV9kvtE2M
2024-10-26 10:07:33 [INFO]: Fetching info for address: 6Pz3LdoipwFor2w9tGKfnLZZkJvucwbEef8yV9kvtE2M
2024-10-26 10:07:33 [INFO]: Fetching info for address: 6Pz3LdoipwFor2w9tGKfnLZZkJvucwbEef8yV9kvtE2M
2024-10-26 10:07:33 [INFO]: Fetching info for address: 2kj1MLqBPnhCTyjxT3MtJhcktJHxgR7s4EDu18khsvgj
2024-10-26 10:07:33 [INFO]: Fetching info for address: 2kj1MLqBPnhCTyjxT3MtJhcktJHxgR7s4EDu18khsvgj
2024-10-26 10:07:46 [INFO]: Fetching info for address: 9TVjnzpF3X8DHsfVqYWoCGphJxtGYh1PDCFN5QmsHW5t
2024-10-26 10:07:46 [INFO]: Fetching info for address: 6Pz3LdoipwFor2w9tGKfnLZZkJvucwbEef8yV9kvtE2M
2024-10-26 10:07:47 [INFO]: Fetching info for address: 6Pz3LdoipwFor2w9tGKfnLZZkJvucwbEef8yV9kvtE2M
2024-10-26 10:07:47 [INFO]: Fetching info for address: 9TVjnzpF3X8DHsfVqYWoCGphJxtGYh1PDCFN5QmsHW5t
2024-10-26 10:07:50 [INFO]: Fetching info for address: 6Pz3LdoipwFor2w9tGKfnLZZkJvucwbEef8yV9kvtE2M
2024-10-26 10:07:50 [INFO]: Fetching info for address: 9TVjnzpF3X8DHsfVqYWoCGphJxtGYh1PDCFN5QmsHW5t
2024-10-26 10:07:50 [INFO]: Fetching info for address: 6Pz3LdoipwFor2w9tGKfnLZZkJvucwbEef8yV9kvtE2M
2024-10-26 10:07:50 [INFO]: Fetching info for address: 9TVjnzpF3X8DHsfVqYWoCGphJxtGYh1PDCFN5QmsHW5t
2024-10-26 10:19:48 [INFO]: Fetching info for address: 6Pz3LdoipwFor2w9tGKfnLZZkJvucwbEef8yV9kvtE2M
2024-10-26 10:19:48 [INFO]: Fetching info for address: 6Pz3LdoipwFor2w9tGKfnLZZkJvucwbEef8yV9kvtE2M
2024-10-26 10:19:48 [INFO]: Fetching info for address: 9TVjnzpF3X8DHsfVqYWoCGphJxtGYh1PDCFN5QmsHW5t
2024-10-26 10:19:48 [INFO]: Fetching info for address: 6Pz3LdoipwFor2w9tGKfnLZZkJvucwbEef8yV9kvtE2M
2024-10-26 10:19:48 [INFO]: Fetching info for address: 6Pz3LdoipwFor2w9tGKfnLZZkJvucwbEef8yV9kvtE2M
2024-10-26 10:19:48 [INFO]: Fetching info for address: 9TVjnzpF3X8DHsfVqYWoCGphJxtGYh1PDCFN5QmsHW5t
2024-10-26 10:19:48 [INFO]: Fetching info for address: 9TVjnzpF3X8DHsfVqYWoCGphJxtGYh1PDCFN5QmsHW5t
2024-10-26 10:19:48 [INFO]: Fetching info for address: 9TVjnzpF3X8DHsfVqYWoCGphJxtGYh1PDCFN5QmsHW5t
2024-10-26 10:22:06 [INFO]: Fetching info for address: 6Pz3LdoipwFor2w9tGKfnLZZkJvucwbEef8yV9kvtE2M
2024-10-26 10:22:06 [INFO]: Fetching info for address: 9TVjnzpF3X8DHsfVqYWoCGphJxtGYh1PDCFN5QmsHW5t
2024-10-26 10:22:06 [INFO]: Fetching info for address: 6Pz3LdoipwFor2w9tGKfnLZZkJvucwbEef8yV9kvtE2M
2024-10-26 10:22:06 [INFO]: Fetching info for address: 6Pz3LdoipwFor2w9tGKfnLZZkJvucwbEef8yV9kvtE2M
2024-10-26 10:22:06 [INFO]: Fetching info for address: 9TVjnzpF3X8DHsfVqYWoCGphJxtGYh1PDCFN5QmsHW5t
2024-10-26 10:22:06 [INFO]: Fetching info for address: 6Pz3LdoipwFor2w9tGKfnLZZkJvucwbEef8yV9kvtE2M
2024-10-26 10:22:06 [INFO]: Fetching info for address: 9TVjnzpF3X8DHsfVqYWoCGphJxtGYh1PDCFN5QmsHW5t
2024-10-26 10:22:06 [INFO]: Fetching info for address: 9TVjnzpF3X8DHsfVqYWoCGphJxtGYh1PDCFN5QmsHW5t
2024-10-26 11:38:29 [INFO]: Server is running on port 5000
2024-10-26 11:39:28 [INFO]: Server is running on port 5000
2024-10-26 11:44:26 [INFO]: Server is running on port 5000
2024-10-26 11:44:31 [INFO]: Fetching info for address: 6Pz3LdoipwFor2w9tGKfnLZZkJvucwbEef8yV9kvtE2M
2024-10-26 11:44:31 [INFO]: Fetching info for address: 9TVjnzpF3X8DHsfVqYWoCGphJxtGYh1PDCFN5QmsHW5t
2024-10-26 11:44:33 [INFO]: Fetching info for address: 9TVjnzpF3X8DHsfVqYWoCGphJxtGYh1PDCFN5QmsHW5t
2024-10-26 11:44:34 [INFO]: Fetching info for address: 6Pz3LdoipwFor2w9tGKfnLZZkJvucwbEef8yV9kvtE2M
2024-10-26 11:44:35 [INFO]: Fetching info for address: 6Pz3LdoipwFor2w9tGKfnLZZkJvucwbEef8yV9kvtE2M
2024-10-26 11:44:35 [INFO]: Fetching info for address: 9TVjnzpF3X8DHsfVqYWoCGphJxtGYh1PDCFN5QmsHW5t
2024-10-26 11:44:35 [INFO]: Fetching info for address: 6Pz3LdoipwFor2w9tGKfnLZZkJvucwbEef8yV9kvtE2M
2024-10-26 11:44:35 [INFO]: Fetching info for address: 9TVjnzpF3X8DHsfVqYWoCGphJxtGYh1PDCFN5QmsHW5t
2024-10-26 11:44:35 [INFO]: Fetching info for address: 6Pz3LdoipwFor2w9tGKfnLZZkJvucwbEef8yV9kvtE2M
2024-10-26 11:44:35 [INFO]: Fetching info for address: 9TVjnzpF3X8DHsfVqYWoCGphJxtGYh1PDCFN5QmsHW5t
2024-10-26 11:44:35 [INFO]: Fetching info for address: 9TVjnzpF3X8DHsfVqYWoCGphJxtGYh1PDCFN5QmsHW5t
2024-10-26 11:44:35 [INFO]: Fetching info for address: 6Pz3LdoipwFor2w9tGKfnLZZkJvucwbEef8yV9kvtE2M
2024-10-26 11:49:36 [INFO]: Fetching info for address: A94X2fRy3wydNShU4dRaDyap2UuoeWJGWyATtyp61WZf
2024-10-26 11:51:21 [INFO]: Server is running on port 5000
2024-10-26 11:53:41 [INFO]: Server is running on port 5000
2024-10-26 11:53:42 [INFO]: Fetching info for address: 6Pz3LdoipwFor2w9tGKfnLZZkJvucwbEef8yV9kvtE2M
2024-10-26 11:53:42 [INFO]: Fetching info for address: 9TVjnzpF3X8DHsfVqYWoCGphJxtGYh1PDCFN5QmsHW5t
2024-10-26 11:53:42 [INFO]: Fetching info for address: 6Pz3LdoipwFor2w9tGKfnLZZkJvucwbEef8yV9kvtE2M
2024-10-26 11:53:42 [INFO]: Fetching info for address: 9TVjnzpF3X8DHsfVqYWoCGphJxtGYh1PDCFN5QmsHW5t
2024-10-26 11:53:43 [INFO]: Fetching info for address: 6Pz3LdoipwFor2w9tGKfnLZZkJvucwbEef8yV9kvtE2M
2024-10-26 11:53:43 [ERROR]: Error fetching token info: 
        HTTP error! status: 429, message: {"jsonrpc":"2.0","error":{"code":-32429,"message":"Rate limit exceeded"}}
      
2024-10-26 11:53:43 [INFO]: Fetching info for address: 9TVjnzpF3X8DHsfVqYWoCGphJxtGYh1PDCFN5QmsHW5t
2024-10-26 11:53:44 [INFO]: Fetching info for address: 9TVjnzpF3X8DHsfVqYWoCGphJxtGYh1PDCFN5QmsHW5t
2024-10-26 11:53:44 [INFO]: Fetching info for address: 6Pz3LdoipwFor2w9tGKfnLZZkJvucwbEef8yV9kvtE2M
2024-10-26 11:53:44 [INFO]: Fetching info for address: 6Pz3LdoipwFor2w9tGKfnLZZkJvucwbEef8yV9kvtE2M
2024-10-26 11:53:44 [INFO]: Fetching info for address: 6Pz3LdoipwFor2w9tGKfnLZZkJvucwbEef8yV9kvtE2M
2024-10-26 11:53:44 [INFO]: Fetching info for address: 9TVjnzpF3X8DHsfVqYWoCGphJxtGYh1PDCFN5QmsHW5t
2024-10-26 11:53:44 [INFO]: Fetching info for address: 9TVjnzpF3X8DHsfVqYWoCGphJxtGYh1PDCFN5QmsHW5t
2024-10-26 11:54:13 [INFO]: Fetching info for address: HXkbUADfocGyz2WrzJpjEfry8qyNDm5Kwiiq3Mz3tTi1
2024-10-26 11:54:13 [INFO]: Fetching info for address: 6Pz3LdoipwFor2w9tGKfnLZZkJvucwbEef8yV9kvtE2M
2024-10-26 11:54:13 [INFO]: Fetching info for address: 9TVjnzpF3X8DHsfVqYWoCGphJxtGYh1PDCFN5QmsHW5t
2024-10-26 11:54:13 [INFO]: Fetching info for address: HXkbUADfocGyz2WrzJpjEfry8qyNDm5Kwiiq3Mz3tTi1
2024-10-26 11:54:13 [INFO]: Fetching info for address: 6Pz3LdoipwFor2w9tGKfnLZZkJvucwbEef8yV9kvtE2M
2024-10-26 11:54:13 [INFO]: Fetching info for address: 9TVjnzpF3X8DHsfVqYWoCGphJxtGYh1PDCFN5QmsHW5t
2024-10-26 11:54:13 [INFO]: Fetching info for address: 6Pz3LdoipwFor2w9tGKfnLZZkJvucwbEef8yV9kvtE2M
2024-10-26 11:54:13 [INFO]: Fetching info for address: 9TVjnzpF3X8DHsfVqYWoCGphJxtGYh1PDCFN5QmsHW5t
2024-10-26 11:54:14 [INFO]: Fetching info for address: HXkbUADfocGyz2WrzJpjEfry8qyNDm5Kwiiq3Mz3tTi1
2024-10-26 11:54:45 [INFO]: Fetching info for address: 9WuADsQtSPQCA18xan5PJj8m1t82bQeUkLoLssS2pump
2024-10-26 11:54:45 [INFO]: Fetching info for address: HXkbUADfocGyz2WrzJpjEfry8qyNDm5Kwiiq3Mz3tTi1
2024-10-26 11:54:45 [INFO]: Fetching info for address: 9TVjnzpF3X8DHsfVqYWoCGphJxtGYh1PDCFN5QmsHW5t
2024-10-26 11:54:45 [INFO]: Fetching info for address: 6Pz3LdoipwFor2w9tGKfnLZZkJvucwbEef8yV9kvtE2M
2024-10-26 11:54:46 [INFO]: Fetching info for address: 9WuADsQtSPQCA18xan5PJj8m1t82bQeUkLoLssS2pump
2024-10-26 11:54:46 [INFO]: Fetching info for address: 6Pz3LdoipwFor2w9tGKfnLZZkJvucwbEef8yV9kvtE2M
2024-10-26 11:54:46 [INFO]: Fetching info for address: 9TVjnzpF3X8DHsfVqYWoCGphJxtGYh1PDCFN5QmsHW5t
2024-10-26 11:54:46 [INFO]: Fetching info for address: 6Pz3LdoipwFor2w9tGKfnLZZkJvucwbEef8yV9kvtE2M
2024-10-26 11:54:46 [INFO]: Fetching info for address: HXkbUADfocGyz2WrzJpjEfry8qyNDm5Kwiiq3Mz3tTi1
2024-10-26 11:54:46 [INFO]: Fetching info for address: 9TVjnzpF3X8DHsfVqYWoCGphJxtGYh1PDCFN5QmsHW5t
2024-10-26 11:54:46 [INFO]: Fetching info for address: HXkbUADfocGyz2WrzJpjEfry8qyNDm5Kwiiq3Mz3tTi1
2024-10-26 11:54:47 [INFO]: Fetching info for address: 9WuADsQtSPQCA18xan5PJj8m1t82bQeUkLoLssS2pump
2024-10-26 11:55:00 [INFO]: Fetching info for address: 6Pz3LdoipwFor2w9tGKfnLZZkJvucwbEef8yV9kvtE2M
2024-10-26 11:55:00 [INFO]: Fetching info for address: 9TVjnzpF3X8DHsfVqYWoCGphJxtGYh1PDCFN5QmsHW5t
2024-10-26 11:55:00 [INFO]: Fetching info for address: HXkbUADfocGyz2WrzJpjEfry8qyNDm5Kwiiq3Mz3tTi1
2024-10-26 11:55:00 [INFO]: Fetching info for address: 9WuADsQtSPQCA18xan5PJj8m1t82bQeUkLoLssS2pump
2024-10-26 11:55:01 [INFO]: Fetching info for address: HXkbUADfocGyz2WrzJpjEfry8qyNDm5Kwiiq3Mz3tTi1
2024-10-26 11:55:01 [INFO]: Fetching info for address: 6Pz3LdoipwFor2w9tGKfnLZZkJvucwbEef8yV9kvtE2M
2024-10-26 11:55:01 [INFO]: Fetching info for address: 9TVjnzpF3X8DHsfVqYWoCGphJxtGYh1PDCFN5QmsHW5t
2024-10-26 11:55:01 [INFO]: Fetching info for address: 9WuADsQtSPQCA18xan5PJj8m1t82bQeUkLoLssS2pump
2024-10-26 11:55:01 [INFO]: Fetching info for address: HXkbUADfocGyz2WrzJpjEfry8qyNDm5Kwiiq3Mz3tTi1
2024-10-26 11:55:01 [INFO]: Fetching info for address: 6Pz3LdoipwFor2w9tGKfnLZZkJvucwbEef8yV9kvtE2M
2024-10-26 11:55:01 [INFO]: Fetching info for address: 9TVjnzpF3X8DHsfVqYWoCGphJxtGYh1PDCFN5QmsHW5t
2024-10-26 11:55:01 [INFO]: Fetching info for address: 9WuADsQtSPQCA18xan5PJj8m1t82bQeUkLoLssS2pump
2024-10-26 11:55:03 [INFO]: Fetching info for address: 6Pz3LdoipwFor2w9tGKfnLZZkJvucwbEef8yV9kvtE2M
2024-10-26 11:55:03 [INFO]: Fetching info for address: 9TVjnzpF3X8DHsfVqYWoCGphJxtGYh1PDCFN5QmsHW5t
2024-10-26 11:55:03 [INFO]: Fetching info for address: HXkbUADfocGyz2WrzJpjEfry8qyNDm5Kwiiq3Mz3tTi1
2024-10-26 11:55:03 [INFO]: Fetching info for address: 9WuADsQtSPQCA18xan5PJj8m1t82bQeUkLoLssS2pump
2024-10-26 11:55:03 [INFO]: Fetching info for address: 6Pz3LdoipwFor2w9tGKfnLZZkJvucwbEef8yV9kvtE2M
2024-10-26 11:55:03 [INFO]: Fetching info for address: 9TVjnzpF3X8DHsfVqYWoCGphJxtGYh1PDCFN5QmsHW5t
2024-10-26 11:55:03 [INFO]: Fetching info for address: 6Pz3LdoipwFor2w9tGKfnLZZkJvucwbEef8yV9kvtE2M
2024-10-26 11:55:03 [INFO]: Fetching info for address: HXkbUADfocGyz2WrzJpjEfry8qyNDm5Kwiiq3Mz3tTi1
2024-10-26 11:55:03 [INFO]: Fetching info for address: 9WuADsQtSPQCA18xan5PJj8m1t82bQeUkLoLssS2pump
2024-10-26 11:55:03 [INFO]: Fetching info for address: HXkbUADfocGyz2WrzJpjEfry8qyNDm5Kwiiq3Mz3tTi1
2024-10-26 11:55:03 [INFO]: Fetching info for address: 9TVjnzpF3X8DHsfVqYWoCGphJxtGYh1PDCFN5QmsHW5t
2024-10-26 11:55:03 [INFO]: Fetching info for address: 9WuADsQtSPQCA18xan5PJj8m1t82bQeUkLoLssS2pump
2024-10-26 11:55:17 [INFO]: Fetching info for address: 9WuADsQtSPQCA18xan5PJj8m1t82bQeUkLoLssS2pump
2024-10-26 11:55:17 [INFO]: Fetching info for address: 9TVjnzpF3X8DHsfVqYWoCGphJxtGYh1PDCFN5QmsHW5t
2024-10-26 11:55:17 [INFO]: Fetching info for address: HXkbUADfocGyz2WrzJpjEfry8qyNDm5Kwiiq3Mz3tTi1
2024-10-26 11:55:17 [INFO]: Fetching info for address: 6Pz3LdoipwFor2w9tGKfnLZZkJvucwbEef8yV9kvtE2M
2024-10-26 11:55:17 [INFO]: Fetching info for address: 6Pz3LdoipwFor2w9tGKfnLZZkJvucwbEef8yV9kvtE2M
2024-10-26 11:55:17 [INFO]: Fetching info for address: 9TVjnzpF3X8DHsfVqYWoCGphJxtGYh1PDCFN5QmsHW5t
2024-10-26 11:55:17 [INFO]: Fetching info for address: HXkbUADfocGyz2WrzJpjEfry8qyNDm5Kwiiq3Mz3tTi1
2024-10-26 11:55:17 [INFO]: Fetching info for address: 9TVjnzpF3X8DHsfVqYWoCGphJxtGYh1PDCFN5QmsHW5t
2024-10-26 11:55:17 [INFO]: Fetching info for address: 6Pz3LdoipwFor2w9tGKfnLZZkJvucwbEef8yV9kvtE2M
2024-10-26 11:55:17 [INFO]: Fetching info for address: 9WuADsQtSPQCA18xan5PJj8m1t82bQeUkLoLssS2pump
2024-10-26 11:55:17 [INFO]: Fetching info for address: HXkbUADfocGyz2WrzJpjEfry8qyNDm5Kwiiq3Mz3tTi1
2024-10-26 11:55:17 [INFO]: Fetching info for address: 9WuADsQtSPQCA18xan5PJj8m1t82bQeUkLoLssS2pump
2024-10-26 11:55:19 [INFO]: Fetching info for address: 6Pz3LdoipwFor2w9tGKfnLZZkJvucwbEef8yV9kvtE2M
2024-10-26 11:55:19 [INFO]: Fetching info for address: 9TVjnzpF3X8DHsfVqYWoCGphJxtGYh1PDCFN5QmsHW5t
2024-10-26 11:55:19 [INFO]: Fetching info for address: HXkbUADfocGyz2WrzJpjEfry8qyNDm5Kwiiq3Mz3tTi1
2024-10-26 11:55:19 [INFO]: Fetching info for address: 9WuADsQtSPQCA18xan5PJj8m1t82bQeUkLoLssS2pump
2024-10-26 11:55:19 [INFO]: Fetching info for address: 6Pz3LdoipwFor2w9tGKfnLZZkJvucwbEef8yV9kvtE2M
2024-10-26 11:55:19 [INFO]: Fetching info for address: 9TVjnzpF3X8DHsfVqYWoCGphJxtGYh1PDCFN5QmsHW5t
2024-10-26 11:55:19 [INFO]: Fetching info for address: 6Pz3LdoipwFor2w9tGKfnLZZkJvucwbEef8yV9kvtE2M
2024-10-26 11:55:19 [INFO]: Fetching info for address: HXkbUADfocGyz2WrzJpjEfry8qyNDm5Kwiiq3Mz3tTi1
2024-10-26 11:55:19 [INFO]: Fetching info for address: 9WuADsQtSPQCA18xan5PJj8m1t82bQeUkLoLssS2pump
2024-10-26 11:55:19 [INFO]: Fetching info for address: HXkbUADfocGyz2WrzJpjEfry8qyNDm5Kwiiq3Mz3tTi1
2024-10-26 11:55:19 [INFO]: Fetching info for address: 9WuADsQtSPQCA18xan5PJj8m1t82bQeUkLoLssS2pump
2024-10-26 11:55:19 [INFO]: Fetching info for address: 9TVjnzpF3X8DHsfVqYWoCGphJxtGYh1PDCFN5QmsHW5t
2024-10-26 11:55:44 [INFO]: Fetching info for address: 6Pz3LdoipwFor2w9tGKfnLZZkJvucwbEef8yV9kvtE2M
2024-10-26 11:55:44 [INFO]: Fetching info for address: 9TVjnzpF3X8DHsfVqYWoCGphJxtGYh1PDCFN5QmsHW5t
2024-10-26 11:55:44 [INFO]: Fetching info for address: 6WNva7iLjTvxSfXPSmbjceW5Yc41LUH4SJNqKom5pump
2024-10-26 11:55:44 [INFO]: Fetching info for address: HXkbUADfocGyz2WrzJpjEfry8qyNDm5Kwiiq3Mz3tTi1
2024-10-26 11:55:44 [INFO]: Fetching info for address: 6WNva7iLjTvxSfXPSmbjceW5Yc41LUH4SJNqKom5pump
2024-10-26 11:55:44 [INFO]: Fetching info for address: 6Pz3LdoipwFor2w9tGKfnLZZkJvucwbEef8yV9kvtE2M
2024-10-26 11:55:44 [INFO]: Fetching info for address: 9TVjnzpF3X8DHsfVqYWoCGphJxtGYh1PDCFN5QmsHW5t
2024-10-26 11:55:44 [INFO]: Fetching info for address: HXkbUADfocGyz2WrzJpjEfry8qyNDm5Kwiiq3Mz3tTi1
2024-10-26 11:55:44 [INFO]: Fetching info for address: 6Pz3LdoipwFor2w9tGKfnLZZkJvucwbEef8yV9kvtE2M
2024-10-26 11:55:44 [INFO]: Fetching info for address: 9TVjnzpF3X8DHsfVqYWoCGphJxtGYh1PDCFN5QmsHW5t
2024-10-26 11:55:44 [INFO]: Fetching info for address: HXkbUADfocGyz2WrzJpjEfry8qyNDm5Kwiiq3Mz3tTi1
2024-10-26 11:55:46 [INFO]: Fetching info for address: 6WNva7iLjTvxSfXPSmbjceW5Yc41LUH4SJNqKom5pump
2024-10-26 11:56:17 [INFO]: Fetching info for address: z3dn17yLaGMKffVogeFHQ9zWVcXgqgf3PQnDsNs2g6M
2024-10-26 11:56:17 [INFO]: Fetching info for address: 6Pz3LdoipwFor2w9tGKfnLZZkJvucwbEef8yV9kvtE2M
2024-10-26 11:56:17 [INFO]: Fetching info for address: HXkbUADfocGyz2WrzJpjEfry8qyNDm5Kwiiq3Mz3tTi1
2024-10-26 11:56:17 [INFO]: Fetching info for address: 9TVjnzpF3X8DHsfVqYWoCGphJxtGYh1PDCFN5QmsHW5t
2024-10-26 11:56:17 [INFO]: Fetching info for address: z3dn17yLaGMKffVogeFHQ9zWVcXgqgf3PQnDsNs2g6M
2024-10-26 11:56:17 [INFO]: Fetching info for address: 6Pz3LdoipwFor2w9tGKfnLZZkJvucwbEef8yV9kvtE2M
2024-10-26 11:56:17 [INFO]: Fetching info for address: HXkbUADfocGyz2WrzJpjEfry8qyNDm5Kwiiq3Mz3tTi1
2024-10-26 11:56:17 [INFO]: Fetching info for address: 9TVjnzpF3X8DHsfVqYWoCGphJxtGYh1PDCFN5QmsHW5t
2024-10-26 11:56:17 [INFO]: Fetching info for address: 6Pz3LdoipwFor2w9tGKfnLZZkJvucwbEef8yV9kvtE2M
2024-10-26 11:56:17 [INFO]: Fetching info for address: HXkbUADfocGyz2WrzJpjEfry8qyNDm5Kwiiq3Mz3tTi1
2024-10-26 11:56:17 [INFO]: Fetching info for address: 9TVjnzpF3X8DHsfVqYWoCGphJxtGYh1PDCFN5QmsHW5t
2024-10-26 11:56:17 [ERROR]: Error fetching token info: 
        HTTP error! status: 429, message: {"jsonrpc":"2.0","error":{"code":-32429,"message":"Rate limit exceeded"}}
      
2024-10-26 11:56:17 [INFO]: Fetching info for address: z3dn17yLaGMKffVogeFHQ9zWVcXgqgf3PQnDsNs2g6M
2024-10-26 11:56:43 [INFO]: Fetching info for address: GdHhyqHEJrPzpbfzURrJi8v1uJQRpthfzURqHJtHXyPC
2024-10-26 11:56:43 [INFO]: Fetching info for address: 6Pz3LdoipwFor2w9tGKfnLZZkJvucwbEef8yV9kvtE2M
2024-10-26 11:56:43 [INFO]: Fetching info for address: 9TVjnzpF3X8DHsfVqYWoCGphJxtGYh1PDCFN5QmsHW5t
2024-10-26 11:56:43 [INFO]: Fetching info for address: HXkbUADfocGyz2WrzJpjEfry8qyNDm5Kwiiq3Mz3tTi1
2024-10-26 11:56:44 [INFO]: Fetching info for address: GdHhyqHEJrPzpbfzURrJi8v1uJQRpthfzURqHJtHXyPC
2024-10-26 11:56:44 [INFO]: Fetching info for address: 6Pz3LdoipwFor2w9tGKfnLZZkJvucwbEef8yV9kvtE2M
2024-10-26 11:56:44 [INFO]: Fetching info for address: 9TVjnzpF3X8DHsfVqYWoCGphJxtGYh1PDCFN5QmsHW5t
2024-10-26 11:56:44 [INFO]: Fetching info for address: HXkbUADfocGyz2WrzJpjEfry8qyNDm5Kwiiq3Mz3tTi1
2024-10-26 11:56:44 [INFO]: Fetching info for address: 9TVjnzpF3X8DHsfVqYWoCGphJxtGYh1PDCFN5QmsHW5t
2024-10-26 11:56:44 [INFO]: Fetching info for address: 6Pz3LdoipwFor2w9tGKfnLZZkJvucwbEef8yV9kvtE2M
2024-10-26 11:56:44 [INFO]: Fetching info for address: HXkbUADfocGyz2WrzJpjEfry8qyNDm5Kwiiq3Mz3tTi1
2024-10-26 11:56:45 [INFO]: Fetching info for address: GdHhyqHEJrPzpbfzURrJi8v1uJQRpthfzURqHJtHXyPC
